<?xml version="1.0" encoding="utf-8"?><testsuite errors="0" failures="0" name="pytest" skips="0" tests="7" time="7.668"><testcase classname="" file="tests/test_collect_battles.py" line="15" name="test_parse_page" time="0.37134408950805664"></testcase><testcase classname="" file="tests/test_collect_battles.py" line="15" name="test_parse_page" time="0.09192895889282227"></testcase><testcase classname="" file="tests/test_collect_battles.py" line="15" name="test_parse_page" time="0.03137516975402832"></testcase><testcase classname="" file="tests/test_collect_battles.py" line="15" name="test_parse_page" time="0.10120987892150879"></testcase><testcase classname="" file="tests/test_parse.py" line="30" name="test_parse_casualties" time="0.10398578643798828"></testcase><testcase classname="" file="tests/test_parse.py" line="64" name="test_parse_casualties_h" time="6.380401372909546"><properties><property name="hypothesis-stats" value="[&apos;test_parse_casualties_h:&apos;, &apos;&apos;, &apos;  - 100 passing examples, 0 failing examples, 0 invalid examples&apos;, &apos;  - Typical runtimes: 48-83 ms&apos;, &apos;  - Fraction of time spent in data generation: ~ 5%&apos;, &apos;  - Stopped because settings.max_examples=100&apos;, &apos;&apos;]"/></properties></testcase><testcase classname="" file="tests/test_wikiwwii.py" line="3" name="test_version" time="0.0015947818756103516"></testcase></testsuite>